Flutter crash report.
Please report a bug at https://github.com/flutter/flutter/issues.

## command

flutter run --machine --start-paused -d chrome --devtools-server-address http://127.0.0.1:9100/ --target /Users/ambro/Nuromedia/flutter_connectivity_test/lib/main.dart

## exception

HttpException: HttpException: Connection closed before full header was received, uri = http://localhost:55231/json

```
```

## flutter doctor

```
[!] Flutter (Channel stable, 3.24.1, on macOS 14.6.1 23G93 darwin-x64, locale en-DE)
    • Flutter version 3.24.1 on channel stable at /Users/ambro/Nuromedia/flutter
    ! The flutter binary is not on your path. Consider adding /Users/ambro/Nuromedia/flutter/bin to your path.
    ! The dart binary is not on your path. Consider adding /Users/ambro/Nuromedia/flutter/bin to your path.
    • Upstream repository https://github.com/flutter/flutter.git
    • Framework revision 5874a72aa4 (5 weeks ago), 2024-08-20 16:46:00 -0500
    • Engine revision c9b9d5780d
    • Dart version 3.5.1
    • DevTools version 2.37.2
    • If those were intentional, you can disregard the above warnings; however it is recommended to use "git" directly to perform update checks and upgrades.

[✓] Android toolchain - develop for Android devices (Android SDK version 35.0.0)
    • Android SDK at /Users/ambro/Library/Android/sdk
    • Platform android-35, build-tools 35.0.0
    • Java binary at: /Applications/Android Studio.app/Contents/jbr/Contents/Home/bin/java
    • Java version OpenJDK Runtime Environment (build 17.0.10+0-17.0.10b1087.21-11609105)
    • All Android licenses accepted.

[✓] Xcode - develop for iOS and macOS (Xcode 16.0)
    • Xcode at /Applications/Xcode.app/Contents/Developer
    • Build 16A242d
    • CocoaPods version 1.15.2

[✓] Chrome - develop for the web
    • Chrome at /Applications/Google Chrome.app/Contents/MacOS/Google Chrome

[✓] Android Studio (version 2024.1)
    • Android Studio at /Applications/Android Studio.app/Contents
    • Flutter plugin can be installed from:
      🔨 https://plugins.jetbrains.com/plugin/9212-flutter
    • Dart plugin can be installed from:
      🔨 https://plugins.jetbrains.com/plugin/6351-dart
    • Java version OpenJDK Runtime Environment (build 17.0.10+0-17.0.10b1087.21-11609105)

[✓] VS Code (version 1.93.1)
    • VS Code at /Applications/Visual Studio Code.app/Contents
    • Flutter extension version 3.96.0

[✓] Connected device (2 available)
    • macOS (desktop) • macos  • darwin-x64     • macOS 14.6.1 23G93 darwin-x64
    • Chrome (web)    • chrome • web-javascript • Google Chrome 129.0.6668.59

[✓] Network resources
    • All expected network resources are available.

! Doctor found issues in 1 category.
```
